<?xml version="1.0" encoding="UTF-8"?>
<testng-results skipped="0" failed="0" ignored="0" total="1" passed="1">
  <reporter-output>
  </reporter-output>
  <suite name="InetBankingV1" duration-ms="9966" started-at="2022-11-30T20:36:49 PST" finished-at="2022-11-30T20:36:59 PST">
    <groups>
    </groups>
    <test name="BankingApp Test" duration-ms="9966" started-at="2022-11-30T20:36:49 PST" finished-at="2022-11-30T20:36:59 PST">
      <class name="com.inetBanking.testCases.TC_LoginTest_001">
        <test-method status="PASS" signature="setup(java.lang.String)[pri:0, instance:com.inetBanking.testCases.TC_LoginTest_001@23d2a7e8]" name="setup" is-config="true" duration-ms="7250" started-at="2022-11-30T20:36:49 PST" finished-at="2022-11-30T20:36:57 PST">
          <params>
            <param index="0">
              <value>
                <![CDATA[chrome]]>
              </value>
            </param>
          </params>
          <reporter-output>
          </reporter-output>
        </test-method> <!-- setup -->
        <test-method status="PASS" signature="loginTest()[pri:0, instance:com.inetBanking.testCases.TC_LoginTest_001@23d2a7e8]" name="loginTest" duration-ms="1900" started-at="2022-11-30T20:36:57 PST" finished-at="2022-11-30T20:36:58 PST">
          <reporter-output>
          </reporter-output>
        </test-method> <!-- loginTest -->
        <test-method status="PASS" signature="tearDown()[pri:0, instance:com.inetBanking.testCases.TC_LoginTest_001@23d2a7e8]" name="tearDown" is-config="true" duration-ms="600" started-at="2022-11-30T20:36:58 PST" finished-at="2022-11-30T20:36:59 PST">
          <reporter-output>
          </reporter-output>
        </test-method> <!-- tearDown -->
      </class> <!-- com.inetBanking.testCases.TC_LoginTest_001 -->
    </test> <!-- BankingApp Test -->
  </suite> <!-- InetBankingV1 -->
</testng-results>
