<?xml version="1.0" encoding="UTF-8"?>
<testng-results skipped="0" failed="0" ignored="0" total="1" passed="1">
  <reporter-output>
  </reporter-output>
  <suite name="InetBankingV1" duration-ms="7682" started-at="2022-11-22T11:07:01 PST" finished-at="2022-11-22T11:07:09 PST">
    <groups>
    </groups>
    <test name="BankingApp Test" duration-ms="7682" started-at="2022-11-22T11:07:01 PST" finished-at="2022-11-22T11:07:09 PST">
      <class name="com.inetBanking.testCases.TC_LoginTest_001">
        <test-method status="PASS" signature="setup(java.lang.String)[pri:0, instance:com.inetBanking.testCases.TC_LoginTest_001@5bb21b69]" name="setup" is-config="true" duration-ms="5231" started-at="2022-11-22T11:07:02 PST" finished-at="2022-11-22T11:07:07 PST">
          <params>
            <param index="0">
              <value>
                <![CDATA[chrome]]>
              </value>
            </param>
          </params>
          <reporter-output>
          </reporter-output>
        </test-method> <!-- setup -->
        <test-method status="PASS" signature="loginTest()[pri:0, instance:com.inetBanking.testCases.TC_LoginTest_001@5bb21b69]" name="loginTest" duration-ms="1405" started-at="2022-11-22T11:07:07 PST" finished-at="2022-11-22T11:07:08 PST">
          <reporter-output>
          </reporter-output>
        </test-method> <!-- loginTest -->
        <test-method status="PASS" signature="tearDown()[pri:0, instance:com.inetBanking.testCases.TC_LoginTest_001@5bb21b69]" name="tearDown" is-config="true" duration-ms="659" started-at="2022-11-22T11:07:08 PST" finished-at="2022-11-22T11:07:09 PST">
          <reporter-output>
          </reporter-output>
        </test-method> <!-- tearDown -->
      </class> <!-- com.inetBanking.testCases.TC_LoginTest_001 -->
    </test> <!-- BankingApp Test -->
  </suite> <!-- InetBankingV1 -->
</testng-results>
