<?xml version="1.0" encoding="UTF-8"?>
<testng-results skipped="0" failed="0" ignored="0" total="1" passed="1">
  <reporter-output>
  </reporter-output>
  <suite name="InetBankingV1" duration-ms="8141" started-at="2022-11-23T21:33:05 PST" finished-at="2022-11-23T21:33:13 PST">
    <groups>
    </groups>
    <test name="BankingApp Test" duration-ms="8141" started-at="2022-11-23T21:33:05 PST" finished-at="2022-11-23T21:33:13 PST">
      <class name="com.inetBanking.testCases.TC_LoginTest_001">
        <test-method status="PASS" signature="setup(java.lang.String)[pri:0, instance:com.inetBanking.testCases.TC_LoginTest_001@24b1d79b]" name="setup" is-config="true" duration-ms="5647" started-at="2022-11-23T21:33:05 PST" finished-at="2022-11-23T21:33:11 PST">
          <params>
            <param index="0">
              <value>
                <![CDATA[chrome]]>
              </value>
            </param>
          </params>
          <reporter-output>
          </reporter-output>
        </test-method> <!-- setup -->
        <test-method status="PASS" signature="loginTest()[pri:0, instance:com.inetBanking.testCases.TC_LoginTest_001@24b1d79b]" name="loginTest" duration-ms="1408" started-at="2022-11-23T21:33:11 PST" finished-at="2022-11-23T21:33:12 PST">
          <reporter-output>
          </reporter-output>
        </test-method> <!-- loginTest -->
        <test-method status="PASS" signature="tearDown()[pri:0, instance:com.inetBanking.testCases.TC_LoginTest_001@24b1d79b]" name="tearDown" is-config="true" duration-ms="702" started-at="2022-11-23T21:33:12 PST" finished-at="2022-11-23T21:33:13 PST">
          <reporter-output>
          </reporter-output>
        </test-method> <!-- tearDown -->
      </class> <!-- com.inetBanking.testCases.TC_LoginTest_001 -->
    </test> <!-- BankingApp Test -->
  </suite> <!-- InetBankingV1 -->
</testng-results>
